<?xml version="1.0" encoding="UTF-8"?>
<testng-results skipped="0" failed="0" ignored="0" total="0" passed="0">
  <reporter-output>
  </reporter-output>
  <suite name="Surefire suite" duration-ms="46688" started-at="2020-08-14T13:34:17 BST" finished-at="2020-08-14T13:35:03 BST">
    <groups>
    </groups>
    <test name="Surefire test" duration-ms="46688" started-at="2020-08-14T13:34:17 BST" finished-at="2020-08-14T13:35:03 BST">
    </test> <!-- Surefire test -->
  </suite> <!-- Surefire suite -->
</testng-results>
